<?xml version="1.0" encoding="UTF-8"?>
<testng-results skipped="0" failed="2" total="6" passed="4">
  <reporter-output>
  </reporter-output>
  <suite name="Default suite" duration-ms="65000" started-at="2018-01-02T20:00:09Z" finished-at="2018-01-02T20:01:14Z">
    <groups>
    </groups>
    <test name="Default test" duration-ms="65000" started-at="2018-01-02T20:00:09Z" finished-at="2018-01-02T20:01:14Z">
      <class name="com.rightcomply.pages.VendorPostDashboardTest">
        <test-method status="PASS" signature="init()[pri:0, instance:com.rightcomply.pages.VendorPostDashboardTest@4cf777e8]" name="init" is-config="true" duration-ms="6711" started-at="2018-01-02T12:00:09Z" finished-at="2018-01-02T12:00:15Z">
          <reporter-output>
          </reporter-output>
        </test-method> <!-- init -->
        <test-method status="PASS" signature="testInit()[pri:0, instance:com.rightcomply.pages.VendorPostDashboardTest@4cf777e8]" name="testInit" is-config="true" duration-ms="7012" started-at="2018-01-02T12:00:15Z" finished-at="2018-01-02T12:00:22Z">
          <reporter-output>
          </reporter-output>
        </test-method> <!-- testInit -->
        <test-method status="PASS" signature="verifydashboard()[pri:0, instance:com.rightcomply.pages.VendorPostDashboardTest@4cf777e8]" name="verifydashboard" duration-ms="5278" started-at="2018-01-02T12:00:22Z" description="To verify Dashboard UI Components" finished-at="2018-01-02T12:00:28Z">
          <reporter-output>
          </reporter-output>
        </test-method> <!-- verifydashboard -->
        <test-method status="PASS" signature="setScreenshot(org.testng.ITestResult)[pri:0, instance:com.rightcomply.pages.VendorPostDashboardTest@4cf777e8]" name="setScreenshot" is-config="true" duration-ms="3" started-at="2018-01-02T12:00:28Z" finished-at="2018-01-02T12:00:28Z">
          <params>
            <param index="0">
              <value>
                <![CDATA[[TestResult name=verifydashboard status=SUCCESS method=VendorPostDashboardTest.verifydashboard()[pri:0, instance:com.rightcomply.pages.VendorPostDashboardTest@4cf777e8] output={null}]]]>
              </value>
            </param>
          </params>
          <reporter-output>
          </reporter-output>
        </test-method> <!-- setScreenshot -->
        <test-method status="PASS" signature="validateclientflow()[pri:0, instance:com.rightcomply.pages.VendorPostDashboardTest@4cf777e8]" name="validateclientflow" duration-ms="4" started-at="2018-01-02T12:00:28Z" description="To verify client link functional flow" finished-at="2018-01-02T12:00:28Z">
          <reporter-output>
          </reporter-output>
        </test-method> <!-- validateclientflow -->
        <test-method status="PASS" signature="setScreenshot(org.testng.ITestResult)[pri:0, instance:com.rightcomply.pages.VendorPostDashboardTest@4cf777e8]" name="setScreenshot" is-config="true" duration-ms="1" started-at="2018-01-02T12:00:28Z" finished-at="2018-01-02T12:00:28Z">
          <params>
            <param index="0">
              <value>
                <![CDATA[[TestResult name=validateclientflow status=SUCCESS method=VendorPostDashboardTest.validateclientflow()[pri:0, instance:com.rightcomply.pages.VendorPostDashboardTest@4cf777e8] output={null}]]]>
              </value>
            </param>
          </params>
          <reporter-output>
          </reporter-output>
        </test-method> <!-- setScreenshot -->
        <test-method status="PASS" signature="validatecontractflow()[pri:0, instance:com.rightcomply.pages.VendorPostDashboardTest@4cf777e8]" name="validatecontractflow" duration-ms="193" started-at="2018-01-02T12:00:28Z" description="To verify contract link functional flow" finished-at="2018-01-02T12:00:28Z">
          <reporter-output>
          </reporter-output>
        </test-method> <!-- validatecontractflow -->
        <test-method status="PASS" signature="setScreenshot(org.testng.ITestResult)[pri:0, instance:com.rightcomply.pages.VendorPostDashboardTest@4cf777e8]" name="setScreenshot" is-config="true" duration-ms="0" started-at="2018-01-02T12:00:28Z" finished-at="2018-01-02T12:00:28Z">
          <params>
            <param index="0">
              <value>
                <![CDATA[[TestResult name=validatecontractflow status=SUCCESS method=VendorPostDashboardTest.validatecontractflow()[pri:0, instance:com.rightcomply.pages.VendorPostDashboardTest@4cf777e8] output={null}]]]>
              </value>
            </param>
          </params>
          <reporter-output>
          </reporter-output>
        </test-method> <!-- setScreenshot -->
        <test-method status="PASS" signature="validateemployeesflow()[pri:0, instance:com.rightcomply.pages.VendorPostDashboardTest@4cf777e8]" name="validateemployeesflow" duration-ms="2099" started-at="2018-01-02T12:00:28Z" description="To verify employees link functional flow" finished-at="2018-01-02T12:00:30Z">
          <reporter-output>
          </reporter-output>
        </test-method> <!-- validateemployeesflow -->
        <test-method status="PASS" signature="setScreenshot(org.testng.ITestResult)[pri:0, instance:com.rightcomply.pages.VendorPostDashboardTest@4cf777e8]" name="setScreenshot" is-config="true" duration-ms="0" started-at="2018-01-02T12:00:30Z" finished-at="2018-01-02T12:00:30Z">
          <params>
            <param index="0">
              <value>
                <![CDATA[[TestResult name=validateemployeesflow status=SUCCESS method=VendorPostDashboardTest.validateemployeesflow()[pri:0, instance:com.rightcomply.pages.VendorPostDashboardTest@4cf777e8] output={null}]]]>
              </value>
            </param>
          </params>
          <reporter-output>
          </reporter-output>
        </test-method> <!-- setScreenshot -->
        <test-method status="FAIL" signature="validatesearch()[pri:0, instance:com.rightcomply.pages.VendorPostDashboardTest@4cf777e8]" name="validatesearch" duration-ms="43373" started-at="2018-01-02T12:00:30Z" description="To Verify the Functionality for Search" finished-at="2018-01-02T12:01:13Z">
          <exception class="org.openqa.selenium.NoSuchElementException">
            <message>
              <![CDATA[Unable to locate element: {"method":"xpath","selector":"//p[@class='name']"}
Command duration or timeout: 30.08 seconds
For documentation on this error, please visit: http://seleniumhq.org/exceptions/no_such_element.html
Build info: version: '2.53.1', revision: 'a36b8b1cd5757287168e54b817830adce9b0158d', time: '2016-06-30 19:26:09'
System info: host: 'DESKTOP-UU5QV0O', ip: '192.168.0.2', os.name: 'Windows 10', os.arch: 'amd64', os.version: '10.0', java.version: '1.8.0_131'
Driver info: org.openqa.selenium.firefox.FirefoxDriver
Capabilities [{applicationCacheEnabled=true, rotatable=false, handlesAlerts=true, databaseEnabled=true, version=46.0.1, platform=WINDOWS, nativeEvents=false, acceptSslCerts=true, webStorageEnabled=true, locationContextEnabled=true, browserName=firefox, takesScreenshot=true, javascriptEnabled=true, cssSelectorsEnabled=true}]
Session ID: 3bef1f64-071b-42c6-bc95-a0d2f1f309fa
*** Element info: {Using=xpath, value=//p[@class='name']}]]>
            </message>
            <full-stacktrace>
              <![CDATA[org.openqa.selenium.NoSuchElementException: Unable to locate element: {"method":"xpath","selector":"//p[@class='name']"}
Command duration or timeout: 30.08 seconds
For documentation on this error, please visit: http://seleniumhq.org/exceptions/no_such_element.html
Build info: version: '2.53.1', revision: 'a36b8b1cd5757287168e54b817830adce9b0158d', time: '2016-06-30 19:26:09'
System info: host: 'DESKTOP-UU5QV0O', ip: '192.168.0.2', os.name: 'Windows 10', os.arch: 'amd64', os.version: '10.0', java.version: '1.8.0_131'
Driver info: org.openqa.selenium.firefox.FirefoxDriver
Capabilities [{applicationCacheEnabled=true, rotatable=false, handlesAlerts=true, databaseEnabled=true, version=46.0.1, platform=WINDOWS, nativeEvents=false, acceptSslCerts=true, webStorageEnabled=true, locationContextEnabled=true, browserName=firefox, takesScreenshot=true, javascriptEnabled=true, cssSelectorsEnabled=true}]
Session ID: 3bef1f64-071b-42c6-bc95-a0d2f1f309fa
*** Element info: {Using=xpath, value=//p[@class='name']}
	at sun.reflect.NativeConstructorAccessorImpl.newInstance0(Native Method)
	at sun.reflect.NativeConstructorAccessorImpl.newInstance(Unknown Source)
	at sun.reflect.DelegatingConstructorAccessorImpl.newInstance(Unknown Source)
	at java.lang.reflect.Constructor.newInstance(Unknown Source)
	at org.openqa.selenium.remote.ErrorHandler.createThrowable(ErrorHandler.java:206)
	at org.openqa.selenium.remote.ErrorHandler.throwIfResponseFailed(ErrorHandler.java:158)
	at org.openqa.selenium.remote.RemoteWebDriver.execute(RemoteWebDriver.java:678)
	at org.openqa.selenium.remote.RemoteWebDriver.findElement(RemoteWebDriver.java:363)
	at org.openqa.selenium.remote.RemoteWebDriver.findElementByXPath(RemoteWebDriver.java:500)
	at org.openqa.selenium.By$ByXPath.findElement(By.java:361)
	at org.openqa.selenium.remote.RemoteWebDriver.findElement(RemoteWebDriver.java:355)
	at org.openqa.selenium.support.pagefactory.DefaultElementLocator.findElement(DefaultElementLocator.java:69)
	at org.openqa.selenium.support.pagefactory.internal.LocatingElementHandler.invoke(LocatingElementHandler.java:38)
	at com.sun.proxy.$Proxy8.getText(Unknown Source)
	at com.rightcomply.pages.VendorPostDashboardTest.validatesearch(VendorPostDashboardTest.java:109)
	at sun.reflect.NativeMethodAccessorImpl.invoke0(Native Method)
	at sun.reflect.NativeMethodAccessorImpl.invoke(Unknown Source)
	at sun.reflect.DelegatingMethodAccessorImpl.invoke(Unknown Source)
	at java.lang.reflect.Method.invoke(Unknown Source)
	at org.testng.internal.MethodInvocationHelper.invokeMethod(MethodInvocationHelper.java:85)
	at org.testng.internal.Invoker.invokeMethod(Invoker.java:639)
	at org.testng.internal.Invoker.invokeTestMethod(Invoker.java:821)
	at org.testng.internal.Invoker.invokeTestMethods(Invoker.java:1131)
	at org.testng.internal.TestMethodWorker.invokeTestMethods(TestMethodWorker.java:124)
	at org.testng.internal.TestMethodWorker.run(TestMethodWorker.java:108)
	at org.testng.TestRunner.privateRun(TestRunner.java:773)
	at org.testng.TestRunner.run(TestRunner.java:623)
	at org.testng.SuiteRunner.runTest(SuiteRunner.java:357)
	at org.testng.SuiteRunner.runSequentially(SuiteRunner.java:352)
	at org.testng.SuiteRunner.privateRun(SuiteRunner.java:310)
	at org.testng.SuiteRunner.run(SuiteRunner.java:259)
	at org.testng.SuiteRunnerWorker.runSuite(SuiteRunnerWorker.java:52)
	at org.testng.SuiteRunnerWorker.run(SuiteRunnerWorker.java:86)
	at org.testng.TestNG.runSuitesSequentially(TestNG.java:1185)
	at org.testng.TestNG.runSuitesLocally(TestNG.java:1110)
	at org.testng.TestNG.run(TestNG.java:1018)
	at org.testng.remote.AbstractRemoteTestNG.run(AbstractRemoteTestNG.java:132)
	at org.testng.remote.RemoteTestNG.initAndRun(RemoteTestNG.java:230)
	at org.testng.remote.RemoteTestNG.main(RemoteTestNG.java:76)
Caused by: org.openqa.selenium.NoSuchElementException: Unable to locate element: {"method":"xpath","selector":"//p[@class='name']"}
For documentation on this error, please visit: http://seleniumhq.org/exceptions/no_such_element.html
Build info: version: '2.53.1', revision: 'a36b8b1cd5757287168e54b817830adce9b0158d', time: '2016-06-30 19:26:09'
System info: host: 'DESKTOP-UU5QV0O', ip: '192.168.0.2', os.name: 'Windows 10', os.arch: 'amd64', os.version: '10.0', java.version: '1.8.0_131'
Driver info: driver.version: unknown
	at <anonymous class>.FirefoxDriver.prototype.findElementInternal_(file:///C:/Users/RIGHTC~1/AppData/Local/Temp/anonymous514395713234218613webdriver-profile/extensions/fxdriver@googlecode.com/components/driver-component.js:10770)
	at <anonymous class>.fxdriver.Timer.prototype.setTimeout/<.notify(file:///C:/Users/RIGHTC~1/AppData/Local/Temp/anonymous514395713234218613webdriver-profile/extensions/fxdriver@googlecode.com/components/driver-component.js:625)
]]>
            </full-stacktrace>
          </exception> <!-- org.openqa.selenium.NoSuchElementException -->
          <reporter-output>
          </reporter-output>
        </test-method> <!-- validatesearch -->
        <test-method status="PASS" signature="setScreenshot(org.testng.ITestResult)[pri:0, instance:com.rightcomply.pages.VendorPostDashboardTest@4cf777e8]" name="setScreenshot" is-config="true" duration-ms="111" started-at="2018-01-02T12:01:13Z" finished-at="2018-01-02T12:01:13Z">
          <params>
            <param index="0">
              <value>
                <![CDATA[[TestResult name=validatesearch status=FAILURE method=VendorPostDashboardTest.validatesearch()[pri:0, instance:com.rightcomply.pages.VendorPostDashboardTest@4cf777e8] output={null}]]]>
              </value>
            </param>
          </params>
          <reporter-output>
          </reporter-output>
        </test-method> <!-- setScreenshot -->
        <test-method status="FAIL" signature="validateusericon()[pri:0, instance:com.rightcomply.pages.VendorPostDashboardTest@4cf777e8]" name="validateusericon" duration-ms="98" started-at="2018-01-02T12:01:13Z" description="To Verify the functionality of userprofile icon in dashboard" finished-at="2018-01-02T12:01:14Z">
          <exception class="org.openqa.selenium.ElementNotVisibleException">
            <message>
              <![CDATA[Element is not currently visible and so may not be interacted with (WARNING: The server did not provide any stacktrace information)
Command duration or timeout: 25 milliseconds
Build info: version: '2.53.1', revision: 'a36b8b1cd5757287168e54b817830adce9b0158d', time: '2016-06-30 19:26:09'
System info: host: 'DESKTOP-UU5QV0O', ip: '192.168.0.2', os.name: 'Windows 10', os.arch: 'amd64', os.version: '10.0', java.version: '1.8.0_131'
Driver info: org.openqa.selenium.firefox.FirefoxDriver
Capabilities [{applicationCacheEnabled=true, rotatable=false, handlesAlerts=true, databaseEnabled=true, version=46.0.1, platform=WINDOWS, nativeEvents=false, acceptSslCerts=true, webStorageEnabled=true, locationContextEnabled=true, browserName=firefox, takesScreenshot=true, javascriptEnabled=true, cssSelectorsEnabled=true}]
Session ID: 3bef1f64-071b-42c6-bc95-a0d2f1f309fa]]>
            </message>
            <full-stacktrace>
              <![CDATA[org.openqa.selenium.ElementNotVisibleException: Element is not currently visible and so may not be interacted with (WARNING: The server did not provide any stacktrace information)
Command duration or timeout: 25 milliseconds
Build info: version: '2.53.1', revision: 'a36b8b1cd5757287168e54b817830adce9b0158d', time: '2016-06-30 19:26:09'
System info: host: 'DESKTOP-UU5QV0O', ip: '192.168.0.2', os.name: 'Windows 10', os.arch: 'amd64', os.version: '10.0', java.version: '1.8.0_131'
Driver info: org.openqa.selenium.firefox.FirefoxDriver
Capabilities [{applicationCacheEnabled=true, rotatable=false, handlesAlerts=true, databaseEnabled=true, version=46.0.1, platform=WINDOWS, nativeEvents=false, acceptSslCerts=true, webStorageEnabled=true, locationContextEnabled=true, browserName=firefox, takesScreenshot=true, javascriptEnabled=true, cssSelectorsEnabled=true}]
Session ID: 3bef1f64-071b-42c6-bc95-a0d2f1f309fa
	at sun.reflect.NativeConstructorAccessorImpl.newInstance0(Native Method)
	at sun.reflect.NativeConstructorAccessorImpl.newInstance(Unknown Source)
	at sun.reflect.DelegatingConstructorAccessorImpl.newInstance(Unknown Source)
	at java.lang.reflect.Constructor.newInstance(Unknown Source)
	at org.openqa.selenium.remote.ErrorHandler.createThrowable(ErrorHandler.java:206)
	at org.openqa.selenium.remote.ErrorHandler.throwIfResponseFailed(ErrorHandler.java:158)
	at org.openqa.selenium.remote.RemoteWebDriver.execute(RemoteWebDriver.java:678)
	at org.openqa.selenium.remote.RemoteExecuteMethod.execute(RemoteExecuteMethod.java:35)
	at org.openqa.selenium.remote.RemoteMouse.click(RemoteMouse.java:59)
	at org.openqa.selenium.interactions.ClickAction.perform(ClickAction.java:37)
	at org.openqa.selenium.interactions.CompositeAction.perform(CompositeAction.java:50)
	at org.openqa.selenium.interactions.Actions.perform(Actions.java:373)
	at com.rightcomply.pages.VendorPostDashboardTest.validateusericon(VendorPostDashboardTest.java:86)
	at sun.reflect.NativeMethodAccessorImpl.invoke0(Native Method)
	at sun.reflect.NativeMethodAccessorImpl.invoke(Unknown Source)
	at sun.reflect.DelegatingMethodAccessorImpl.invoke(Unknown Source)
	at java.lang.reflect.Method.invoke(Unknown Source)
	at org.testng.internal.MethodInvocationHelper.invokeMethod(MethodInvocationHelper.java:85)
	at org.testng.internal.Invoker.invokeMethod(Invoker.java:639)
	at org.testng.internal.Invoker.invokeTestMethod(Invoker.java:821)
	at org.testng.internal.Invoker.invokeTestMethods(Invoker.java:1131)
	at org.testng.internal.TestMethodWorker.invokeTestMethods(TestMethodWorker.java:124)
	at org.testng.internal.TestMethodWorker.run(TestMethodWorker.java:108)
	at org.testng.TestRunner.privateRun(TestRunner.java:773)
	at org.testng.TestRunner.run(TestRunner.java:623)
	at org.testng.SuiteRunner.runTest(SuiteRunner.java:357)
	at org.testng.SuiteRunner.runSequentially(SuiteRunner.java:352)
	at org.testng.SuiteRunner.privateRun(SuiteRunner.java:310)
	at org.testng.SuiteRunner.run(SuiteRunner.java:259)
	at org.testng.SuiteRunnerWorker.runSuite(SuiteRunnerWorker.java:52)
	at org.testng.SuiteRunnerWorker.run(SuiteRunnerWorker.java:86)
	at org.testng.TestNG.runSuitesSequentially(TestNG.java:1185)
	at org.testng.TestNG.runSuitesLocally(TestNG.java:1110)
	at org.testng.TestNG.run(TestNG.java:1018)
	at org.testng.remote.AbstractRemoteTestNG.run(AbstractRemoteTestNG.java:132)
	at org.testng.remote.RemoteTestNG.initAndRun(RemoteTestNG.java:230)
	at org.testng.remote.RemoteTestNG.main(RemoteTestNG.java:76)
]]>
            </full-stacktrace>
          </exception> <!-- org.openqa.selenium.ElementNotVisibleException -->
          <reporter-output>
          </reporter-output>
        </test-method> <!-- validateusericon -->
        <test-method status="PASS" signature="setScreenshot(org.testng.ITestResult)[pri:0, instance:com.rightcomply.pages.VendorPostDashboardTest@4cf777e8]" name="setScreenshot" is-config="true" duration-ms="83" started-at="2018-01-02T12:01:14Z" finished-at="2018-01-02T12:01:14Z">
          <params>
            <param index="0">
              <value>
                <![CDATA[[TestResult name=validateusericon status=FAILURE method=VendorPostDashboardTest.validateusericon()[pri:0, instance:com.rightcomply.pages.VendorPostDashboardTest@4cf777e8] output={null}]]]>
              </value>
            </param>
          </params>
          <reporter-output>
          </reporter-output>
        </test-method> <!-- setScreenshot -->
        <test-method status="PASS" signature="tearDown()[pri:0, instance:com.rightcomply.pages.VendorPostDashboardTest@4cf777e8]" name="tearDown" is-config="true" duration-ms="726" started-at="2018-01-02T12:01:14Z" finished-at="2018-01-02T12:01:14Z">
          <reporter-output>
          </reporter-output>
        </test-method> <!-- tearDown -->
      </class> <!-- com.rightcomply.pages.VendorPostDashboardTest -->
    </test> <!-- Default test -->
  </suite> <!-- Default suite -->
</testng-results>
